{"C:\\Users\\jok91\\Desktop\\openclassrooms\\Projets\\P5_ramos_georges\\GeorgesRamos_5_19072021\\TestingJest\\class\\BasketMock.js": {"path":"C:\\Users\\jok91\\Desktop\\openclassrooms\\Projets\\P5_ramos_georges\\GeorgesRamos_5_19072021\\TestingJest\\class\\BasketMock.js","statementMap":{"0":{"start":{"line":1,"column":10},"end":{"line":1,"column":43}},"1":{"start":{"line":3,"column":25},"end":{"line":3,"column":60}},"2":{"start":{"line":4,"column":0},"end":{"line":4,"column":44}},"3":{"start":{"line":10,"column":24},"end":{"line":10,"column":70}},"4":{"start":{"line":11,"column":29},"end":{"line":11,"column":31}},"5":{"start":{"line":12,"column":8},"end":{"line":12,"column":38}},"6":{"start":{"line":13,"column":8},"end":{"line":13,"column":85}},"7":{"start":{"line":17,"column":23},"end":{"line":17,"column":56}},"8":{"start":{"line":19,"column":8},"end":{"line":28,"column":9}},"9":{"start":{"line":19,"column":21},"end":{"line":19,"column":22}},"10":{"start":{"line":21,"column":26},"end":{"line":21,"column":69}},"11":{"start":{"line":22,"column":12},"end":{"line":27,"column":13}},"12":{"start":{"line":23,"column":16},"end":{"line":23,"column":50}},"13":{"start":{"line":24,"column":16},"end":{"line":24,"column":27}},"14":{"start":{"line":26,"column":16},"end":{"line":26,"column":24}},"15":{"start":{"line":32,"column":23},"end":{"line":32,"column":56}},"16":{"start":{"line":33,"column":28},"end":{"line":33,"column":29}},"17":{"start":{"line":35,"column":8},"end":{"line":43,"column":9}},"18":{"start":{"line":35,"column":21},"end":{"line":35,"column":22}},"19":{"start":{"line":37,"column":12},"end":{"line":42,"column":13}},"20":{"start":{"line":38,"column":16},"end":{"line":38,"column":31}},"21":{"start":{"line":41,"column":16},"end":{"line":41,"column":24}},"22":{"start":{"line":45,"column":8},"end":{"line":45,"column":28}},"23":{"start":{"line":49,"column":28},"end":{"line":49,"column":30}},"24":{"start":{"line":50,"column":26},"end":{"line":50,"column":59}},"25":{"start":{"line":51,"column":8},"end":{"line":59,"column":9}},"26":{"start":{"line":51,"column":21},"end":{"line":51,"column":22}},"27":{"start":{"line":52,"column":12},"end":{"line":58,"column":13}},"28":{"start":{"line":53,"column":37},"end":{"line":53,"column":83}},"29":{"start":{"line":54,"column":16},"end":{"line":54,"column":54}},"30":{"start":{"line":57,"column":16},"end":{"line":57,"column":24}},"31":{"start":{"line":60,"column":24},"end":{"line":60,"column":105}},"32":{"start":{"line":61,"column":8},"end":{"line":61,"column":22}},"33":{"start":{"line":65,"column":8},"end":{"line":65,"column":80}},"34":{"start":{"line":66,"column":8},"end":{"line":66,"column":82}},"35":{"start":{"line":67,"column":8},"end":{"line":67,"column":54}},"36":{"start":{"line":68,"column":8},"end":{"line":68,"column":27}},"37":{"start":{"line":71,"column":0},"end":{"line":71,"column":23}}},"fnMap":{"0":{"name":"(anonymous_0)","decl":{"start":{"line":8,"column":4},"end":{"line":8,"column":5}},"loc":{"start":{"line":8,"column":34},"end":{"line":14,"column":5}},"line":8},"1":{"name":"(anonymous_1)","decl":{"start":{"line":16,"column":4},"end":{"line":16,"column":5}},"loc":{"start":{"line":16,"column":23},"end":{"line":29,"column":5}},"line":16},"2":{"name":"(anonymous_2)","decl":{"start":{"line":31,"column":4},"end":{"line":31,"column":5}},"loc":{"start":{"line":31,"column":29},"end":{"line":46,"column":5}},"line":31},"3":{"name":"(anonymous_3)","decl":{"start":{"line":48,"column":4},"end":{"line":48,"column":5}},"loc":{"start":{"line":48,"column":38},"end":{"line":62,"column":5}},"line":48},"4":{"name":"(anonymous_4)","decl":{"start":{"line":64,"column":4},"end":{"line":64,"column":5}},"loc":{"start":{"line":64,"column":29},"end":{"line":69,"column":5}},"line":64}},"branchMap":{"0":{"loc":{"start":{"line":22,"column":12},"end":{"line":27,"column":13}},"type":"if","locations":[{"start":{"line":22,"column":12},"end":{"line":27,"column":13}},{"start":{"line":22,"column":12},"end":{"line":27,"column":13}}],"line":22},"1":{"loc":{"start":{"line":37,"column":12},"end":{"line":42,"column":13}},"type":"if","locations":[{"start":{"line":37,"column":12},"end":{"line":42,"column":13}},{"start":{"line":37,"column":12},"end":{"line":42,"column":13}}],"line":37},"2":{"loc":{"start":{"line":52,"column":12},"end":{"line":58,"column":13}},"type":"if","locations":[{"start":{"line":52,"column":12},"end":{"line":58,"column":13}},{"start":{"line":52,"column":12},"end":{"line":58,"column":13}}],"line":52}},"s":{"0":1,"1":1,"2":1,"3":4,"4":4,"5":4,"6":4,"7":2,"8":2,"9":2,"10":2,"11":2,"12":1,"13":1,"14":1,"15":2,"16":2,"17":2,"18":2,"19":4,"20":3,"21":1,"22":2,"23":3,"24":3,"25":3,"26":3,"27":9,"28":3,"29":3,"30":6,"31":3,"32":3,"33":1,"34":1,"35":1,"36":1,"37":1},"f":{"0":4,"1":2,"2":2,"3":3,"4":1},"b":{"0":[1,1],"1":[3,1],"2":[3,6]},"_coverageSchema":"1a1c01bbd47fc00a2c39e90264f33305004495a9","hash":"51ccffdf0fc427ca36b20f8f5e12c3ab20ed6630"}
,"C:\\Users\\jok91\\Desktop\\openclassrooms\\Projets\\P5_ramos_georges\\GeorgesRamos_5_19072021\\TestingJest\\fixtures\\datas.js": {"path":"C:\\Users\\jok91\\Desktop\\openclassrooms\\Projets\\P5_ramos_georges\\GeorgesRamos_5_19072021\\TestingJest\\fixtures\\datas.js","statementMap":{"0":{"start":{"line":1,"column":16},"end":{"line":1,"column":53}},"1":{"start":{"line":2,"column":0},"end":{"line":79,"column":1}},"2":{"start":{"line":4,"column":18},"end":{"line":4,"column":51}},"3":{"start":{"line":7,"column":21},"end":{"line":7,"column":31}},"4":{"start":{"line":8,"column":24},"end":{"line":8,"column":192}},"5":{"start":{"line":9,"column":25},"end":{"line":9,"column":107}},"6":{"start":{"line":10,"column":8},"end":{"line":10,"column":63}},"7":{"start":{"line":11,"column":8},"end":{"line":11,"column":65}},"8":{"start":{"line":12,"column":8},"end":{"line":12,"column":54}},"9":{"start":{"line":15,"column":21},"end":{"line":15,"column":31}},"10":{"start":{"line":16,"column":24},"end":{"line":16,"column":60}},"11":{"start":{"line":17,"column":25},"end":{"line":17,"column":72}},"12":{"start":{"line":18,"column":8},"end":{"line":18,"column":63}},"13":{"start":{"line":19,"column":8},"end":{"line":19,"column":65}},"14":{"start":{"line":20,"column":8},"end":{"line":20,"column":51}},"15":{"start":{"line":23,"column":24},"end":{"line":23,"column":37}},"16":{"start":{"line":24,"column":25},"end":{"line":24,"column":27}},"17":{"start":{"line":25,"column":8},"end":{"line":25,"column":63}},"18":{"start":{"line":26,"column":8},"end":{"line":26,"column":65}},"19":{"start":{"line":27,"column":8},"end":{"line":27,"column":54}},"20":{"start":{"line":30,"column":22},"end":{"line":30,"column":23}},"21":{"start":{"line":31,"column":8},"end":{"line":31,"column":102}},"22":{"start":{"line":32,"column":8},"end":{"line":32,"column":104}},"23":{"start":{"line":33,"column":8},"end":{"line":33,"column":104}},"24":{"start":{"line":36,"column":8},"end":{"line":76,"column":16}}},"fnMap":{"0":{"name":"(anonymous_0)","decl":{"start":{"line":4,"column":4},"end":{"line":4,"column":5}},"loc":{"start":{"line":4,"column":16},"end":{"line":4,"column":53}},"line":4},"1":{"name":"(anonymous_1)","decl":{"start":{"line":6,"column":4},"end":{"line":6,"column":5}},"loc":{"start":{"line":6,"column":35},"end":{"line":13,"column":5}},"line":6},"2":{"name":"(anonymous_2)","decl":{"start":{"line":14,"column":4},"end":{"line":14,"column":5}},"loc":{"start":{"line":14,"column":35},"end":{"line":21,"column":5}},"line":14},"3":{"name":"(anonymous_3)","decl":{"start":{"line":22,"column":4},"end":{"line":22,"column":5}},"loc":{"start":{"line":22,"column":35},"end":{"line":28,"column":5}},"line":22},"4":{"name":"(anonymous_4)","decl":{"start":{"line":29,"column":23},"end":{"line":29,"column":24}},"loc":{"start":{"line":29,"column":29},"end":{"line":34,"column":5}},"line":29},"5":{"name":"(anonymous_5)","decl":{"start":{"line":35,"column":15},"end":{"line":35,"column":16}},"loc":{"start":{"line":35,"column":40},"end":{"line":78,"column":5}},"line":35}},"branchMap":{"0":{"loc":{"start":{"line":35,"column":16},"end":{"line":35,"column":35}},"type":"default-arg","locations":[{"start":{"line":35,"column":33},"end":{"line":35,"column":35}}],"line":35}},"s":{"0":2,"1":2,"2":2,"3":3,"4":3,"5":3,"6":3,"7":3,"8":3,"9":1,"10":1,"11":1,"12":1,"13":1,"14":1,"15":1,"16":1,"17":1,"18":1,"19":1,"20":4,"21":4,"22":4,"23":4,"24":2},"f":{"0":2,"1":3,"2":1,"3":1,"4":4,"5":2},"b":{"0":[1]},"_coverageSchema":"1a1c01bbd47fc00a2c39e90264f33305004495a9","hash":"a38f770e1a83072d6ba7412e259336d13512db12"}
,"C:\\Users\\jok91\\Desktop\\openclassrooms\\Projets\\P5_ramos_georges\\GeorgesRamos_5_19072021\\TestingJest\\fixtures\\localStorage.js": {"path":"C:\\Users\\jok91\\Desktop\\openclassrooms\\Projets\\P5_ramos_georges\\GeorgesRamos_5_19072021\\TestingJest\\fixtures\\localStorage.js","statementMap":{"0":{"start":{"line":3,"column":4},"end":{"line":3,"column":21}},"1":{"start":{"line":7,"column":4},"end":{"line":7,"column":21}},"2":{"start":{"line":12,"column":4},"end":{"line":12,"column":43}},"3":{"start":{"line":16,"column":19},"end":{"line":16,"column":44}},"4":{"start":{"line":17,"column":4},"end":{"line":19,"column":5}},"5":{"start":{"line":17,"column":17},"end":{"line":17,"column":18}},"6":{"start":{"line":18,"column":6},"end":{"line":18,"column":57}},"7":{"start":{"line":23,"column":4},"end":{"line":23,"column":28}},"8":{"start":{"line":27,"column":0},"end":{"line":27,"column":33}}},"fnMap":{"0":{"name":"(anonymous_0)","decl":{"start":{"line":2,"column":2},"end":{"line":2,"column":3}},"loc":{"start":{"line":2,"column":16},"end":{"line":4,"column":3}},"line":2},"1":{"name":"(anonymous_1)","decl":{"start":{"line":6,"column":2},"end":{"line":6,"column":3}},"loc":{"start":{"line":6,"column":10},"end":{"line":8,"column":3}},"line":6},"2":{"name":"(anonymous_2)","decl":{"start":{"line":11,"column":2},"end":{"line":11,"column":3}},"loc":{"start":{"line":11,"column":22},"end":{"line":13,"column":3}},"line":11},"3":{"name":"(anonymous_3)","decl":{"start":{"line":15,"column":2},"end":{"line":15,"column":3}},"loc":{"start":{"line":15,"column":15},"end":{"line":20,"column":3}},"line":15},"4":{"name":"(anonymous_4)","decl":{"start":{"line":22,"column":2},"end":{"line":22,"column":3}},"loc":{"start":{"line":22,"column":18},"end":{"line":24,"column":3}},"line":22}},"branchMap":{"0":{"loc":{"start":{"line":18,"column":13},"end":{"line":18,"column":57}},"type":"cond-expr","locations":[{"start":{"line":18,"column":32},"end":{"line":18,"column":49}},{"start":{"line":18,"column":52},"end":{"line":18,"column":57}}],"line":18}},"s":{"0":3,"1":8,"2":31,"3":2,"4":2,"5":2,"6":2,"7":1,"8":2},"f":{"0":3,"1":8,"2":31,"3":2,"4":1},"b":{"0":[1,1]},"_coverageSchema":"1a1c01bbd47fc00a2c39e90264f33305004495a9","hash":"dd2c5c05c03521622fb442e4e25c3bba587b7ee9"}
,"C:\\Users\\jok91\\Desktop\\openclassrooms\\Projets\\P5_ramos_georges\\GeorgesRamos_5_19072021\\src\\js\\class\\APILink.js": {"path":"C:\\Users\\jok91\\Desktop\\openclassrooms\\Projets\\P5_ramos_georges\\GeorgesRamos_5_19072021\\src\\js\\class\\APILink.js","statementMap":{"0":{"start":{"line":1,"column":14},"end":{"line":1,"column":35}},"1":{"start":{"line":2,"column":16},"end":{"line":2,"column":66}},"2":{"start":{"line":7,"column":21},"end":{"line":7,"column":35}},"3":{"start":{"line":12,"column":8},"end":{"line":18,"column":9}},"4":{"start":{"line":13,"column":24},"end":{"line":13,"column":45}},"5":{"start":{"line":14,"column":12},"end":{"line":14,"column":29}},"6":{"start":{"line":16,"column":12},"end":{"line":16,"column":166}},"7":{"start":{"line":17,"column":12},"end":{"line":17,"column":24}},"8":{"start":{"line":27,"column":8},"end":{"line":37,"column":9}},"9":{"start":{"line":28,"column":24},"end":{"line":28,"column":52}},"10":{"start":{"line":29,"column":12},"end":{"line":33,"column":13}},"11":{"start":{"line":30,"column":16},"end":{"line":30,"column":33}},"12":{"start":{"line":32,"column":16},"end":{"line":32,"column":32}},"13":{"start":{"line":35,"column":12},"end":{"line":35,"column":111}},"14":{"start":{"line":36,"column":12},"end":{"line":36,"column":24}},"15":{"start":{"line":47,"column":8},"end":{"line":59,"column":9}},"16":{"start":{"line":48,"column":25},"end":{"line":54,"column":14}},"17":{"start":{"line":55,"column":12},"end":{"line":55,"column":30}},"18":{"start":{"line":57,"column":12},"end":{"line":57,"column":174}},"19":{"start":{"line":58,"column":12},"end":{"line":58,"column":24}},"20":{"start":{"line":62,"column":0},"end":{"line":62,"column":24}}},"fnMap":{"0":{"name":"(anonymous_0)","decl":{"start":{"line":7,"column":4},"end":{"line":7,"column":5}},"loc":{"start":{"line":7,"column":20},"end":{"line":7,"column":36}},"line":7},"1":{"name":"(anonymous_1)","decl":{"start":{"line":11,"column":4},"end":{"line":11,"column":5}},"loc":{"start":{"line":11,"column":29},"end":{"line":19,"column":5}},"line":11},"2":{"name":"(anonymous_2)","decl":{"start":{"line":26,"column":4},"end":{"line":26,"column":5}},"loc":{"start":{"line":26,"column":30},"end":{"line":38,"column":5}},"line":26},"3":{"name":"(anonymous_3)","decl":{"start":{"line":46,"column":4},"end":{"line":46,"column":5}},"loc":{"start":{"line":46,"column":32},"end":{"line":60,"column":5}},"line":46}},"branchMap":{"0":{"loc":{"start":{"line":29,"column":12},"end":{"line":33,"column":13}},"type":"if","locations":[{"start":{"line":29,"column":12},"end":{"line":33,"column":13}},{"start":{"line":29,"column":12},"end":{"line":33,"column":13}}],"line":29}},"s":{"0":1,"1":1,"2":8,"3":2,"4":2,"5":1,"6":1,"7":1,"8":3,"9":3,"10":2,"11":1,"12":1,"13":1,"14":1,"15":2,"16":2,"17":1,"18":1,"19":1,"20":1},"f":{"0":8,"1":2,"2":3,"3":2},"b":{"0":[1,1]},"_coverageSchema":"1a1c01bbd47fc00a2c39e90264f33305004495a9","hash":"b71bc056ed66c130b76b3e66f2cb19a437994fa1"}
,"C:\\Users\\jok91\\Desktop\\openclassrooms\\Projets\\P5_ramos_georges\\GeorgesRamos_5_19072021\\src\\js\\class\\Contact.js": {"path":"C:\\Users\\jok91\\Desktop\\openclassrooms\\Projets\\P5_ramos_georges\\GeorgesRamos_5_19072021\\src\\js\\class\\Contact.js","statementMap":{"0":{"start":{"line":3,"column":8},"end":{"line":4,"column":34}},"1":{"start":{"line":5,"column":8},"end":{"line":9,"column":30}},"2":{"start":{"line":10,"column":8},"end":{"line":10,"column":24}},"3":{"start":{"line":13,"column":0},"end":{"line":13,"column":24}}},"fnMap":{"0":{"name":"(anonymous_0)","decl":{"start":{"line":2,"column":4},"end":{"line":2,"column":5}},"loc":{"start":{"line":2,"column":74},"end":{"line":11,"column":5}},"line":2}},"branchMap":{},"s":{"0":6,"1":6,"2":6,"3":3},"f":{"0":6},"b":{},"_coverageSchema":"1a1c01bbd47fc00a2c39e90264f33305004495a9","hash":"034e65b2d4f6356f4429937e1d6b686df62e4cdf"}
,"C:\\Users\\jok91\\Desktop\\openclassrooms\\Projets\\P5_ramos_georges\\GeorgesRamos_5_19072021\\src\\js\\components\\boxBasket.js": {"path":"C:\\Users\\jok91\\Desktop\\openclassrooms\\Projets\\P5_ramos_georges\\GeorgesRamos_5_19072021\\src\\js\\components\\boxBasket.js","statementMap":{"0":{"start":{"line":1,"column":0},"end":{"line":14,"column":1}},"1":{"start":{"line":3,"column":30},"end":{"line":3,"column":127}},"2":{"start":{"line":4,"column":24},"end":{"line":4,"column":64}},"3":{"start":{"line":5,"column":26},"end":{"line":11,"column":19}},"4":{"start":{"line":12,"column":8},"end":{"line":12,"column":24}}},"fnMap":{"0":{"name":"(anonymous_0)","decl":{"start":{"line":2,"column":16},"end":{"line":2,"column":17}},"loc":{"start":{"line":2,"column":34},"end":{"line":13,"column":5}},"line":2}},"branchMap":{"0":{"loc":{"start":{"line":3,"column":30},"end":{"line":3,"column":127}},"type":"cond-expr","locations":[{"start":{"line":3,"column":47},"end":{"line":3,"column":124}},{"start":{"line":3,"column":125},"end":{"line":3,"column":127}}],"line":3},"1":{"loc":{"start":{"line":4,"column":24},"end":{"line":4,"column":64}},"type":"cond-expr","locations":[{"start":{"line":4,"column":40},"end":{"line":4,"column":61}},{"start":{"line":4,"column":62},"end":{"line":4,"column":64}}],"line":4}},"s":{"0":1,"1":2,"2":2,"3":2,"4":2},"f":{"0":2},"b":{"0":[1,1],"1":[1,1]},"_coverageSchema":"1a1c01bbd47fc00a2c39e90264f33305004495a9","hash":"4e20085d057972953cfe08f1083be84bc71917f5"}
,"C:\\Users\\jok91\\Desktop\\openclassrooms\\Projets\\P5_ramos_georges\\GeorgesRamos_5_19072021\\src\\js\\components\\boxForm.js": {"path":"C:\\Users\\jok91\\Desktop\\openclassrooms\\Projets\\P5_ramos_georges\\GeorgesRamos_5_19072021\\src\\js\\components\\boxForm.js","statementMap":{"0":{"start":{"line":1,"column":0},"end":{"line":15,"column":1}},"1":{"start":{"line":3,"column":8},"end":{"line":13,"column":19}}},"fnMap":{"0":{"name":"(anonymous_0)","decl":{"start":{"line":2,"column":13},"end":{"line":2,"column":14}},"loc":{"start":{"line":2,"column":17},"end":{"line":14,"column":5}},"line":2}},"branchMap":{},"s":{"0":1,"1":1},"f":{"0":1},"b":{},"_coverageSchema":"1a1c01bbd47fc00a2c39e90264f33305004495a9","hash":"96799db958bb3b3c4e038faa39fdaa46f7ed0627"}
,"C:\\Users\\jok91\\Desktop\\openclassrooms\\Projets\\P5_ramos_georges\\GeorgesRamos_5_19072021\\src\\js\\components\\boxProduct.js": {"path":"C:\\Users\\jok91\\Desktop\\openclassrooms\\Projets\\P5_ramos_georges\\GeorgesRamos_5_19072021\\src\\js\\components\\boxProduct.js","statementMap":{"0":{"start":{"line":1,"column":0},"end":{"line":31,"column":1}},"1":{"start":{"line":3,"column":7},"end":{"line":29,"column":7}}},"fnMap":{"0":{"name":"(anonymous_0)","decl":{"start":{"line":2,"column":4},"end":{"line":2,"column":5}},"loc":{"start":{"line":2,"column":85},"end":{"line":30,"column":5}},"line":2}},"branchMap":{},"s":{"0":1,"1":1},"f":{"0":1},"b":{},"_coverageSchema":"1a1c01bbd47fc00a2c39e90264f33305004495a9","hash":"6f662b7975e2129d7d3dd98aaf44089889922123"}
,"C:\\Users\\jok91\\Desktop\\openclassrooms\\Projets\\P5_ramos_georges\\GeorgesRamos_5_19072021\\src\\js\\components\\validOrderModel.js": {"path":"C:\\Users\\jok91\\Desktop\\openclassrooms\\Projets\\P5_ramos_georges\\GeorgesRamos_5_19072021\\src\\js\\components\\validOrderModel.js","statementMap":{"0":{"start":{"line":1,"column":0},"end":{"line":22,"column":1}},"1":{"start":{"line":3,"column":8},"end":{"line":20,"column":19}}},"fnMap":{"0":{"name":"(anonymous_0)","decl":{"start":{"line":2,"column":23},"end":{"line":2,"column":24}},"loc":{"start":{"line":2,"column":44},"end":{"line":21,"column":5}},"line":2}},"branchMap":{},"s":{"0":1,"1":1},"f":{"0":1},"b":{},"_coverageSchema":"1a1c01bbd47fc00a2c39e90264f33305004495a9","hash":"a6b14016d498df8e0377891be3495b61150cb40b"}
,"C:\\Users\\jok91\\Desktop\\openclassrooms\\Projets\\P5_ramos_georges\\GeorgesRamos_5_19072021\\src\\js\\utils\\calculTotal.js": {"path":"C:\\Users\\jok91\\Desktop\\openclassrooms\\Projets\\P5_ramos_georges\\GeorgesRamos_5_19072021\\src\\js\\utils\\calculTotal.js","statementMap":{"0":{"start":{"line":1,"column":0},"end":{"line":9,"column":1}},"1":{"start":{"line":3,"column":20},"end":{"line":3,"column":21}},"2":{"start":{"line":4,"column":8},"end":{"line":6,"column":11}},"3":{"start":{"line":5,"column":12},"end":{"line":5,"column":26}},"4":{"start":{"line":7,"column":8},"end":{"line":7,"column":20}}},"fnMap":{"0":{"name":"(anonymous_0)","decl":{"start":{"line":2,"column":4},"end":{"line":2,"column":5}},"loc":{"start":{"line":2,"column":32},"end":{"line":8,"column":5}},"line":2},"1":{"name":"(anonymous_1)","decl":{"start":{"line":4,"column":26},"end":{"line":4,"column":27}},"loc":{"start":{"line":4,"column":35},"end":{"line":6,"column":9}},"line":4}},"branchMap":{},"s":{"0":1,"1":3,"2":3,"3":15,"4":3},"f":{"0":3,"1":15},"b":{},"_coverageSchema":"1a1c01bbd47fc00a2c39e90264f33305004495a9","hash":"bf530d9494e74de4c7532a4710db92c1a9b596df"}
,"C:\\Users\\jok91\\Desktop\\openclassrooms\\Projets\\P5_ramos_georges\\GeorgesRamos_5_19072021\\src\\js\\utils\\getCurrentPage.js": {"path":"C:\\Users\\jok91\\Desktop\\openclassrooms\\Projets\\P5_ramos_georges\\GeorgesRamos_5_19072021\\src\\js\\utils\\getCurrentPage.js","statementMap":{"0":{"start":{"line":1,"column":22},"end":{"line":1,"column":44}},"1":{"start":{"line":2,"column":0},"end":{"line":7,"column":1}},"2":{"start":{"line":5,"column":8},"end":{"line":5,"column":65}}},"fnMap":{"0":{"name":"(anonymous_0)","decl":{"start":{"line":4,"column":4},"end":{"line":4,"column":5}},"loc":{"start":{"line":4,"column":22},"end":{"line":6,"column":5}},"line":4}},"branchMap":{"0":{"loc":{"start":{"line":5,"column":15},"end":{"line":5,"column":65}},"type":"cond-expr","locations":[{"start":{"line":5,"column":37},"end":{"line":5,"column":56}},{"start":{"line":5,"column":59},"end":{"line":5,"column":65}}],"line":5}},"s":{"0":1,"1":1,"2":3},"f":{"0":3},"b":{"0":[2,1]},"_coverageSchema":"1a1c01bbd47fc00a2c39e90264f33305004495a9","hash":"ef90d3c3f0af5dfc9a3b0c068c992e0de2124129"}
,"C:\\Users\\jok91\\Desktop\\openclassrooms\\Projets\\P5_ramos_georges\\GeorgesRamos_5_19072021\\src\\js\\utils\\getVarUrl.js": {"path":"C:\\Users\\jok91\\Desktop\\openclassrooms\\Projets\\P5_ramos_georges\\GeorgesRamos_5_19072021\\src\\js\\utils\\getVarUrl.js","statementMap":{"0":{"start":{"line":1,"column":0},"end":{"line":10,"column":1}},"1":{"start":{"line":3,"column":8},"end":{"line":3,"column":44}},"2":{"start":{"line":3,"column":30},"end":{"line":3,"column":44}},"3":{"start":{"line":4,"column":8},"end":{"line":4,"column":66}},"4":{"start":{"line":5,"column":20},"end":{"line":5,"column":60}},"5":{"start":{"line":6,"column":17},"end":{"line":6,"column":49}},"6":{"start":{"line":7,"column":8},"end":{"line":8,"column":26}},"7":{"start":{"line":7,"column":24},"end":{"line":7,"column":40}},"8":{"start":{"line":8,"column":13},"end":{"line":8,"column":26}}},"fnMap":{"0":{"name":"(anonymous_0)","decl":{"start":{"line":2,"column":4},"end":{"line":2,"column":5}},"loc":{"start":{"line":2,"column":30},"end":{"line":9,"column":5}},"line":2}},"branchMap":{"0":{"loc":{"start":{"line":3,"column":8},"end":{"line":3,"column":44}},"type":"if","locations":[{"start":{"line":3,"column":8},"end":{"line":3,"column":44}},{"start":{"line":3,"column":8},"end":{"line":3,"column":44}}],"line":3},"1":{"loc":{"start":{"line":7,"column":8},"end":{"line":8,"column":26}},"type":"if","locations":[{"start":{"line":7,"column":8},"end":{"line":8,"column":26}},{"start":{"line":7,"column":8},"end":{"line":8,"column":26}}],"line":7}},"s":{"0":1,"1":8,"2":6,"3":8,"4":8,"5":8,"6":8,"7":2,"8":6},"f":{"0":8},"b":{"0":[6,2],"1":[2,6]},"_coverageSchema":"1a1c01bbd47fc00a2c39e90264f33305004495a9","hash":"a7920757ba6cb86d1e1de115421888a9a90e3c57"}
,"C:\\Users\\jok91\\Desktop\\openclassrooms\\Projets\\P5_ramos_georges\\GeorgesRamos_5_19072021\\src\\js\\utils\\log.format.js": {"path":"C:\\Users\\jok91\\Desktop\\openclassrooms\\Projets\\P5_ramos_georges\\GeorgesRamos_5_19072021\\src\\js\\utils\\log.format.js","statementMap":{"0":{"start":{"line":1,"column":0},"end":{"line":7,"column":1}},"1":{"start":{"line":5,"column":8},"end":{"line":5,"column":83}}},"fnMap":{"0":{"name":"(anonymous_0)","decl":{"start":{"line":4,"column":26},"end":{"line":4,"column":27}},"loc":{"start":{"line":4,"column":55},"end":{"line":6,"column":5}},"line":4}},"branchMap":{},"s":{"0":1,"1":3},"f":{"0":3},"b":{},"_coverageSchema":"1a1c01bbd47fc00a2c39e90264f33305004495a9","hash":"481088058b025e00f431ed67381e86146f72ee98"}
}
