{"C:\\Users\\jok91\\Desktop\\Nouveau dossier\\GeorgesRamos_5_19072021\\TestingJest\\class\\BasketMock.js": {"path":"C:\\Users\\jok91\\Desktop\\Nouveau dossier\\GeorgesRamos_5_19072021\\TestingJest\\class\\BasketMock.js","statementMap":{"0":{"start":{"line":1,"column":10},"end":{"line":1,"column":43}},"1":{"start":{"line":3,"column":25},"end":{"line":3,"column":60}},"2":{"start":{"line":4,"column":0},"end":{"line":4,"column":44}},"3":{"start":{"line":10,"column":24},"end":{"line":10,"column":70}},"4":{"start":{"line":11,"column":29},"end":{"line":11,"column":31}},"5":{"start":{"line":12,"column":8},"end":{"line":12,"column":38}},"6":{"start":{"line":13,"column":8},"end":{"line":13,"column":85}},"7":{"start":{"line":17,"column":23},"end":{"line":17,"column":56}},"8":{"start":{"line":19,"column":8},"end":{"line":28,"column":9}},"9":{"start":{"line":19,"column":21},"end":{"line":19,"column":22}},"10":{"start":{"line":21,"column":26},"end":{"line":21,"column":69}},"11":{"start":{"line":22,"column":12},"end":{"line":27,"column":13}},"12":{"start":{"line":23,"column":16},"end":{"line":23,"column":50}},"13":{"start":{"line":24,"column":16},"end":{"line":24,"column":27}},"14":{"start":{"line":26,"column":16},"end":{"line":26,"column":24}},"15":{"start":{"line":32,"column":23},"end":{"line":32,"column":56}},"16":{"start":{"line":33,"column":28},"end":{"line":33,"column":29}},"17":{"start":{"line":35,"column":8},"end":{"line":43,"column":9}},"18":{"start":{"line":35,"column":21},"end":{"line":35,"column":22}},"19":{"start":{"line":37,"column":12},"end":{"line":42,"column":13}},"20":{"start":{"line":38,"column":16},"end":{"line":38,"column":31}},"21":{"start":{"line":41,"column":16},"end":{"line":41,"column":24}},"22":{"start":{"line":45,"column":8},"end":{"line":45,"column":28}},"23":{"start":{"line":49,"column":28},"end":{"line":49,"column":30}},"24":{"start":{"line":50,"column":26},"end":{"line":50,"column":59}},"25":{"start":{"line":51,"column":8},"end":{"line":59,"column":9}},"26":{"start":{"line":51,"column":21},"end":{"line":51,"column":22}},"27":{"start":{"line":52,"column":12},"end":{"line":58,"column":13}},"28":{"start":{"line":53,"column":37},"end":{"line":53,"column":83}},"29":{"start":{"line":54,"column":16},"end":{"line":54,"column":54}},"30":{"start":{"line":57,"column":16},"end":{"line":57,"column":24}},"31":{"start":{"line":60,"column":24},"end":{"line":60,"column":105}},"32":{"start":{"line":61,"column":8},"end":{"line":61,"column":22}},"33":{"start":{"line":65,"column":8},"end":{"line":65,"column":80}},"34":{"start":{"line":66,"column":8},"end":{"line":66,"column":82}},"35":{"start":{"line":67,"column":8},"end":{"line":67,"column":54}},"36":{"start":{"line":68,"column":8},"end":{"line":68,"column":27}},"37":{"start":{"line":71,"column":0},"end":{"line":71,"column":23}}},"fnMap":{"0":{"name":"(anonymous_0)","decl":{"start":{"line":8,"column":4},"end":{"line":8,"column":5}},"loc":{"start":{"line":8,"column":34},"end":{"line":14,"column":5}},"line":8},"1":{"name":"(anonymous_1)","decl":{"start":{"line":16,"column":4},"end":{"line":16,"column":5}},"loc":{"start":{"line":16,"column":23},"end":{"line":29,"column":5}},"line":16},"2":{"name":"(anonymous_2)","decl":{"start":{"line":31,"column":4},"end":{"line":31,"column":5}},"loc":{"start":{"line":31,"column":29},"end":{"line":46,"column":5}},"line":31},"3":{"name":"(anonymous_3)","decl":{"start":{"line":48,"column":4},"end":{"line":48,"column":5}},"loc":{"start":{"line":48,"column":38},"end":{"line":62,"column":5}},"line":48},"4":{"name":"(anonymous_4)","decl":{"start":{"line":64,"column":4},"end":{"line":64,"column":5}},"loc":{"start":{"line":64,"column":29},"end":{"line":69,"column":5}},"line":64}},"branchMap":{"0":{"loc":{"start":{"line":22,"column":12},"end":{"line":27,"column":13}},"type":"if","locations":[{"start":{"line":22,"column":12},"end":{"line":27,"column":13}},{"start":{"line":22,"column":12},"end":{"line":27,"column":13}}],"line":22},"1":{"loc":{"start":{"line":37,"column":12},"end":{"line":42,"column":13}},"type":"if","locations":[{"start":{"line":37,"column":12},"end":{"line":42,"column":13}},{"start":{"line":37,"column":12},"end":{"line":42,"column":13}}],"line":37},"2":{"loc":{"start":{"line":52,"column":12},"end":{"line":58,"column":13}},"type":"if","locations":[{"start":{"line":52,"column":12},"end":{"line":58,"column":13}},{"start":{"line":52,"column":12},"end":{"line":58,"column":13}}],"line":52}},"s":{"0":1,"1":1,"2":1,"3":4,"4":4,"5":4,"6":4,"7":2,"8":2,"9":2,"10":2,"11":2,"12":1,"13":1,"14":1,"15":2,"16":2,"17":2,"18":2,"19":4,"20":3,"21":1,"22":2,"23":3,"24":3,"25":3,"26":3,"27":9,"28":3,"29":3,"30":6,"31":3,"32":3,"33":1,"34":1,"35":1,"36":1,"37":1},"f":{"0":4,"1":2,"2":2,"3":3,"4":1},"b":{"0":[1,1],"1":[3,1],"2":[3,6]},"_coverageSchema":"1a1c01bbd47fc00a2c39e90264f33305004495a9","hash":"792b170be2554da887307079d41edb872d5a14bc"}
,"C:\\Users\\jok91\\Desktop\\Nouveau dossier\\GeorgesRamos_5_19072021\\TestingJest\\fixtures\\datas.js": {"path":"C:\\Users\\jok91\\Desktop\\Nouveau dossier\\GeorgesRamos_5_19072021\\TestingJest\\fixtures\\datas.js","statementMap":{"0":{"start":{"line":1,"column":16},"end":{"line":1,"column":53}},"1":{"start":{"line":2,"column":0},"end":{"line":79,"column":1}},"2":{"start":{"line":4,"column":18},"end":{"line":4,"column":51}},"3":{"start":{"line":7,"column":21},"end":{"line":7,"column":31}},"4":{"start":{"line":8,"column":24},"end":{"line":8,"column":192}},"5":{"start":{"line":9,"column":25},"end":{"line":9,"column":107}},"6":{"start":{"line":10,"column":8},"end":{"line":10,"column":63}},"7":{"start":{"line":11,"column":8},"end":{"line":11,"column":65}},"8":{"start":{"line":12,"column":8},"end":{"line":12,"column":54}},"9":{"start":{"line":15,"column":21},"end":{"line":15,"column":31}},"10":{"start":{"line":16,"column":24},"end":{"line":16,"column":60}},"11":{"start":{"line":17,"column":25},"end":{"line":17,"column":72}},"12":{"start":{"line":18,"column":8},"end":{"line":18,"column":63}},"13":{"start":{"line":19,"column":8},"end":{"line":19,"column":65}},"14":{"start":{"line":20,"column":8},"end":{"line":20,"column":51}},"15":{"start":{"line":23,"column":24},"end":{"line":23,"column":37}},"16":{"start":{"line":24,"column":25},"end":{"line":24,"column":27}},"17":{"start":{"line":25,"column":8},"end":{"line":25,"column":63}},"18":{"start":{"line":26,"column":8},"end":{"line":26,"column":65}},"19":{"start":{"line":27,"column":8},"end":{"line":27,"column":54}},"20":{"start":{"line":30,"column":22},"end":{"line":30,"column":23}},"21":{"start":{"line":31,"column":8},"end":{"line":31,"column":102}},"22":{"start":{"line":32,"column":8},"end":{"line":32,"column":104}},"23":{"start":{"line":33,"column":8},"end":{"line":33,"column":104}},"24":{"start":{"line":36,"column":8},"end":{"line":76,"column":16}}},"fnMap":{"0":{"name":"(anonymous_0)","decl":{"start":{"line":4,"column":4},"end":{"line":4,"column":5}},"loc":{"start":{"line":4,"column":16},"end":{"line":4,"column":53}},"line":4},"1":{"name":"(anonymous_1)","decl":{"start":{"line":6,"column":4},"end":{"line":6,"column":5}},"loc":{"start":{"line":6,"column":35},"end":{"line":13,"column":5}},"line":6},"2":{"name":"(anonymous_2)","decl":{"start":{"line":14,"column":4},"end":{"line":14,"column":5}},"loc":{"start":{"line":14,"column":35},"end":{"line":21,"column":5}},"line":14},"3":{"name":"(anonymous_3)","decl":{"start":{"line":22,"column":4},"end":{"line":22,"column":5}},"loc":{"start":{"line":22,"column":35},"end":{"line":28,"column":5}},"line":22},"4":{"name":"(anonymous_4)","decl":{"start":{"line":29,"column":23},"end":{"line":29,"column":24}},"loc":{"start":{"line":29,"column":29},"end":{"line":34,"column":5}},"line":29},"5":{"name":"(anonymous_5)","decl":{"start":{"line":35,"column":15},"end":{"line":35,"column":16}},"loc":{"start":{"line":35,"column":40},"end":{"line":78,"column":5}},"line":35}},"branchMap":{"0":{"loc":{"start":{"line":35,"column":16},"end":{"line":35,"column":35}},"type":"default-arg","locations":[{"start":{"line":35,"column":33},"end":{"line":35,"column":35}}],"line":35}},"s":{"0":2,"1":2,"2":2,"3":3,"4":3,"5":3,"6":3,"7":3,"8":3,"9":1,"10":1,"11":1,"12":1,"13":1,"14":1,"15":1,"16":1,"17":1,"18":1,"19":1,"20":4,"21":4,"22":4,"23":4,"24":2},"f":{"0":2,"1":3,"2":1,"3":1,"4":4,"5":2},"b":{"0":[1]},"_coverageSchema":"1a1c01bbd47fc00a2c39e90264f33305004495a9","hash":"21078001cc83cd842c75212f91049f284bb24026"}
,"C:\\Users\\jok91\\Desktop\\Nouveau dossier\\GeorgesRamos_5_19072021\\TestingJest\\fixtures\\localStorage.js": {"path":"C:\\Users\\jok91\\Desktop\\Nouveau dossier\\GeorgesRamos_5_19072021\\TestingJest\\fixtures\\localStorage.js","statementMap":{"0":{"start":{"line":3,"column":4},"end":{"line":3,"column":21}},"1":{"start":{"line":7,"column":4},"end":{"line":7,"column":21}},"2":{"start":{"line":12,"column":4},"end":{"line":12,"column":43}},"3":{"start":{"line":16,"column":19},"end":{"line":16,"column":44}},"4":{"start":{"line":17,"column":4},"end":{"line":19,"column":5}},"5":{"start":{"line":17,"column":17},"end":{"line":17,"column":18}},"6":{"start":{"line":18,"column":6},"end":{"line":18,"column":57}},"7":{"start":{"line":23,"column":4},"end":{"line":23,"column":28}},"8":{"start":{"line":27,"column":0},"end":{"line":27,"column":33}}},"fnMap":{"0":{"name":"(anonymous_0)","decl":{"start":{"line":2,"column":2},"end":{"line":2,"column":3}},"loc":{"start":{"line":2,"column":16},"end":{"line":4,"column":3}},"line":2},"1":{"name":"(anonymous_1)","decl":{"start":{"line":6,"column":2},"end":{"line":6,"column":3}},"loc":{"start":{"line":6,"column":10},"end":{"line":8,"column":3}},"line":6},"2":{"name":"(anonymous_2)","decl":{"start":{"line":11,"column":2},"end":{"line":11,"column":3}},"loc":{"start":{"line":11,"column":22},"end":{"line":13,"column":3}},"line":11},"3":{"name":"(anonymous_3)","decl":{"start":{"line":15,"column":2},"end":{"line":15,"column":3}},"loc":{"start":{"line":15,"column":15},"end":{"line":20,"column":3}},"line":15},"4":{"name":"(anonymous_4)","decl":{"start":{"line":22,"column":2},"end":{"line":22,"column":3}},"loc":{"start":{"line":22,"column":18},"end":{"line":24,"column":3}},"line":22}},"branchMap":{"0":{"loc":{"start":{"line":18,"column":13},"end":{"line":18,"column":57}},"type":"cond-expr","locations":[{"start":{"line":18,"column":32},"end":{"line":18,"column":49}},{"start":{"line":18,"column":52},"end":{"line":18,"column":57}}],"line":18}},"s":{"0":3,"1":8,"2":31,"3":2,"4":2,"5":2,"6":2,"7":1,"8":2},"f":{"0":3,"1":8,"2":31,"3":2,"4":1},"b":{"0":[1,1]},"_coverageSchema":"1a1c01bbd47fc00a2c39e90264f33305004495a9","hash":"80b527f2cf429896dc0debaf40a3001165aa32cf"}
,"C:\\Users\\jok91\\Desktop\\Nouveau dossier\\GeorgesRamos_5_19072021\\src\\js\\class\\APILink.js": {"path":"C:\\Users\\jok91\\Desktop\\Nouveau dossier\\GeorgesRamos_5_19072021\\src\\js\\class\\APILink.js","statementMap":{"0":{"start":{"line":1,"column":14},"end":{"line":1,"column":35}},"1":{"start":{"line":2,"column":16},"end":{"line":2,"column":66}},"2":{"start":{"line":8,"column":8},"end":{"line":8,"column":22}},"3":{"start":{"line":14,"column":8},"end":{"line":20,"column":9}},"4":{"start":{"line":15,"column":24},"end":{"line":15,"column":45}},"5":{"start":{"line":16,"column":12},"end":{"line":16,"column":29}},"6":{"start":{"line":18,"column":12},"end":{"line":18,"column":169}},"7":{"start":{"line":19,"column":12},"end":{"line":19,"column":24}},"8":{"start":{"line":29,"column":8},"end":{"line":39,"column":9}},"9":{"start":{"line":30,"column":24},"end":{"line":30,"column":56}},"10":{"start":{"line":31,"column":12},"end":{"line":35,"column":13}},"11":{"start":{"line":32,"column":16},"end":{"line":32,"column":33}},"12":{"start":{"line":34,"column":16},"end":{"line":34,"column":32}},"13":{"start":{"line":37,"column":12},"end":{"line":37,"column":114}},"14":{"start":{"line":38,"column":12},"end":{"line":38,"column":24}},"15":{"start":{"line":49,"column":8},"end":{"line":61,"column":9}},"16":{"start":{"line":50,"column":25},"end":{"line":56,"column":14}},"17":{"start":{"line":57,"column":12},"end":{"line":57,"column":30}},"18":{"start":{"line":59,"column":12},"end":{"line":59,"column":177}},"19":{"start":{"line":60,"column":12},"end":{"line":60,"column":24}},"20":{"start":{"line":64,"column":0},"end":{"line":64,"column":24}}},"fnMap":{"0":{"name":"(anonymous_0)","decl":{"start":{"line":7,"column":4},"end":{"line":7,"column":5}},"loc":{"start":{"line":7,"column":21},"end":{"line":9,"column":5}},"line":7},"1":{"name":"(anonymous_1)","decl":{"start":{"line":13,"column":4},"end":{"line":13,"column":5}},"loc":{"start":{"line":13,"column":29},"end":{"line":21,"column":5}},"line":13},"2":{"name":"(anonymous_2)","decl":{"start":{"line":28,"column":4},"end":{"line":28,"column":5}},"loc":{"start":{"line":28,"column":30},"end":{"line":40,"column":5}},"line":28},"3":{"name":"(anonymous_3)","decl":{"start":{"line":48,"column":4},"end":{"line":48,"column":5}},"loc":{"start":{"line":48,"column":32},"end":{"line":62,"column":5}},"line":48}},"branchMap":{"0":{"loc":{"start":{"line":31,"column":12},"end":{"line":35,"column":13}},"type":"if","locations":[{"start":{"line":31,"column":12},"end":{"line":35,"column":13}},{"start":{"line":31,"column":12},"end":{"line":35,"column":13}}],"line":31}},"s":{"0":1,"1":1,"2":8,"3":2,"4":2,"5":1,"6":1,"7":1,"8":3,"9":3,"10":2,"11":1,"12":1,"13":1,"14":1,"15":2,"16":2,"17":1,"18":1,"19":1,"20":1},"f":{"0":8,"1":2,"2":3,"3":2},"b":{"0":[1,1]},"_coverageSchema":"1a1c01bbd47fc00a2c39e90264f33305004495a9","hash":"f2a2e971090db5235015201b494a7b23ccfd28a6"}
,"C:\\Users\\jok91\\Desktop\\Nouveau dossier\\GeorgesRamos_5_19072021\\src\\js\\class\\Contact.js": {"path":"C:\\Users\\jok91\\Desktop\\Nouveau dossier\\GeorgesRamos_5_19072021\\src\\js\\class\\Contact.js","statementMap":{"0":{"start":{"line":3,"column":8},"end":{"line":10,"column":24}},"1":{"start":{"line":13,"column":0},"end":{"line":13,"column":24}}},"fnMap":{"0":{"name":"(anonymous_0)","decl":{"start":{"line":2,"column":4},"end":{"line":2,"column":5}},"loc":{"start":{"line":2,"column":82},"end":{"line":11,"column":5}},"line":2}},"branchMap":{},"s":{"0":6,"1":3},"f":{"0":6},"b":{},"_coverageSchema":"1a1c01bbd47fc00a2c39e90264f33305004495a9","hash":"870b18517df73009de0baeca0250eb3cfecd1fb8"}
,"C:\\Users\\jok91\\Desktop\\Nouveau dossier\\GeorgesRamos_5_19072021\\src\\js\\components\\boxBasket.js": {"path":"C:\\Users\\jok91\\Desktop\\Nouveau dossier\\GeorgesRamos_5_19072021\\src\\js\\components\\boxBasket.js","statementMap":{"0":{"start":{"line":4,"column":0},"end":{"line":17,"column":1}},"1":{"start":{"line":6,"column":30},"end":{"line":6,"column":131}},"2":{"start":{"line":7,"column":24},"end":{"line":7,"column":68}},"3":{"start":{"line":8,"column":26},"end":{"line":14,"column":19}},"4":{"start":{"line":15,"column":8},"end":{"line":15,"column":24}}},"fnMap":{"0":{"name":"(anonymous_0)","decl":{"start":{"line":5,"column":16},"end":{"line":5,"column":17}},"loc":{"start":{"line":5,"column":35},"end":{"line":16,"column":5}},"line":5}},"branchMap":{"0":{"loc":{"start":{"line":6,"column":30},"end":{"line":6,"column":131}},"type":"cond-expr","locations":[{"start":{"line":6,"column":49},"end":{"line":6,"column":126}},{"start":{"line":6,"column":129},"end":{"line":6,"column":131}}],"line":6},"1":{"loc":{"start":{"line":7,"column":24},"end":{"line":7,"column":68}},"type":"cond-expr","locations":[{"start":{"line":7,"column":42},"end":{"line":7,"column":63}},{"start":{"line":7,"column":66},"end":{"line":7,"column":68}}],"line":7}},"s":{"0":1,"1":2,"2":2,"3":2,"4":2},"f":{"0":2},"b":{"0":[1,1],"1":[1,1]},"_coverageSchema":"1a1c01bbd47fc00a2c39e90264f33305004495a9","hash":"ce12510499534d2df4314190de91737d802b3b52"}
,"C:\\Users\\jok91\\Desktop\\Nouveau dossier\\GeorgesRamos_5_19072021\\src\\js\\components\\boxForm.js": {"path":"C:\\Users\\jok91\\Desktop\\Nouveau dossier\\GeorgesRamos_5_19072021\\src\\js\\components\\boxForm.js","statementMap":{"0":{"start":{"line":4,"column":0},"end":{"line":18,"column":1}},"1":{"start":{"line":6,"column":8},"end":{"line":16,"column":19}}},"fnMap":{"0":{"name":"(anonymous_0)","decl":{"start":{"line":5,"column":14},"end":{"line":5,"column":15}},"loc":{"start":{"line":5,"column":20},"end":{"line":17,"column":5}},"line":5}},"branchMap":{},"s":{"0":1,"1":1},"f":{"0":1},"b":{},"_coverageSchema":"1a1c01bbd47fc00a2c39e90264f33305004495a9","hash":"39ba02219e19af9121162bf7ae9b0257a69f6bc5"}
,"C:\\Users\\jok91\\Desktop\\Nouveau dossier\\GeorgesRamos_5_19072021\\src\\js\\components\\boxProduct.js": {"path":"C:\\Users\\jok91\\Desktop\\Nouveau dossier\\GeorgesRamos_5_19072021\\src\\js\\components\\boxProduct.js","statementMap":{"0":{"start":{"line":4,"column":0},"end":{"line":35,"column":1}},"1":{"start":{"line":6,"column":8},"end":{"line":33,"column":7}}},"fnMap":{"0":{"name":"(anonymous_0)","decl":{"start":{"line":5,"column":4},"end":{"line":5,"column":5}},"loc":{"start":{"line":5,"column":91},"end":{"line":34,"column":5}},"line":5}},"branchMap":{},"s":{"0":1,"1":1},"f":{"0":1},"b":{},"_coverageSchema":"1a1c01bbd47fc00a2c39e90264f33305004495a9","hash":"a315db8ed89b165f515f81d7c825f157dad60ccc"}
,"C:\\Users\\jok91\\Desktop\\Nouveau dossier\\GeorgesRamos_5_19072021\\src\\js\\components\\validOrderModel.js": {"path":"C:\\Users\\jok91\\Desktop\\Nouveau dossier\\GeorgesRamos_5_19072021\\src\\js\\components\\validOrderModel.js","statementMap":{"0":{"start":{"line":4,"column":0},"end":{"line":25,"column":1}},"1":{"start":{"line":6,"column":8},"end":{"line":23,"column":19}}},"fnMap":{"0":{"name":"(anonymous_0)","decl":{"start":{"line":5,"column":23},"end":{"line":5,"column":24}},"loc":{"start":{"line":5,"column":45},"end":{"line":24,"column":5}},"line":5}},"branchMap":{},"s":{"0":1,"1":1},"f":{"0":1},"b":{},"_coverageSchema":"1a1c01bbd47fc00a2c39e90264f33305004495a9","hash":"289b023821e45f0514bee84cfe896448a8dd0539"}
,"C:\\Users\\jok91\\Desktop\\Nouveau dossier\\GeorgesRamos_5_19072021\\src\\js\\utils\\calculTotal.js": {"path":"C:\\Users\\jok91\\Desktop\\Nouveau dossier\\GeorgesRamos_5_19072021\\src\\js\\utils\\calculTotal.js","statementMap":{"0":{"start":{"line":1,"column":0},"end":{"line":9,"column":1}},"1":{"start":{"line":3,"column":20},"end":{"line":3,"column":21}},"2":{"start":{"line":4,"column":8},"end":{"line":6,"column":11}},"3":{"start":{"line":5,"column":12},"end":{"line":5,"column":26}},"4":{"start":{"line":7,"column":8},"end":{"line":7,"column":20}}},"fnMap":{"0":{"name":"(anonymous_0)","decl":{"start":{"line":2,"column":4},"end":{"line":2,"column":5}},"loc":{"start":{"line":2,"column":32},"end":{"line":8,"column":5}},"line":2},"1":{"name":"(anonymous_1)","decl":{"start":{"line":4,"column":26},"end":{"line":4,"column":27}},"loc":{"start":{"line":4,"column":35},"end":{"line":6,"column":9}},"line":4}},"branchMap":{},"s":{"0":1,"1":3,"2":3,"3":15,"4":3},"f":{"0":3,"1":15},"b":{},"_coverageSchema":"1a1c01bbd47fc00a2c39e90264f33305004495a9","hash":"a111a984dcb5216ce8b140b2ac43798f0893859d"}
,"C:\\Users\\jok91\\Desktop\\Nouveau dossier\\GeorgesRamos_5_19072021\\src\\js\\utils\\getCurrentPage.js": {"path":"C:\\Users\\jok91\\Desktop\\Nouveau dossier\\GeorgesRamos_5_19072021\\src\\js\\utils\\getCurrentPage.js","statementMap":{"0":{"start":{"line":1,"column":22},"end":{"line":1,"column":44}},"1":{"start":{"line":2,"column":0},"end":{"line":7,"column":1}},"2":{"start":{"line":5,"column":8},"end":{"line":5,"column":65}}},"fnMap":{"0":{"name":"(anonymous_0)","decl":{"start":{"line":4,"column":4},"end":{"line":4,"column":5}},"loc":{"start":{"line":4,"column":22},"end":{"line":6,"column":5}},"line":4}},"branchMap":{"0":{"loc":{"start":{"line":5,"column":15},"end":{"line":5,"column":65}},"type":"cond-expr","locations":[{"start":{"line":5,"column":37},"end":{"line":5,"column":56}},{"start":{"line":5,"column":59},"end":{"line":5,"column":65}}],"line":5}},"s":{"0":1,"1":1,"2":3},"f":{"0":3},"b":{"0":[2,1]},"_coverageSchema":"1a1c01bbd47fc00a2c39e90264f33305004495a9","hash":"6c8fd6e42c9955a29365d5b7c206b07914442f54"}
,"C:\\Users\\jok91\\Desktop\\Nouveau dossier\\GeorgesRamos_5_19072021\\src\\js\\utils\\getVarUrl.js": {"path":"C:\\Users\\jok91\\Desktop\\Nouveau dossier\\GeorgesRamos_5_19072021\\src\\js\\utils\\getVarUrl.js","statementMap":{"0":{"start":{"line":1,"column":0},"end":{"line":10,"column":1}},"1":{"start":{"line":3,"column":8},"end":{"line":3,"column":44}},"2":{"start":{"line":3,"column":30},"end":{"line":3,"column":44}},"3":{"start":{"line":4,"column":8},"end":{"line":4,"column":66}},"4":{"start":{"line":5,"column":20},"end":{"line":5,"column":60}},"5":{"start":{"line":6,"column":17},"end":{"line":6,"column":49}},"6":{"start":{"line":7,"column":8},"end":{"line":8,"column":26}},"7":{"start":{"line":7,"column":24},"end":{"line":7,"column":40}},"8":{"start":{"line":8,"column":13},"end":{"line":8,"column":26}}},"fnMap":{"0":{"name":"(anonymous_0)","decl":{"start":{"line":2,"column":4},"end":{"line":2,"column":5}},"loc":{"start":{"line":2,"column":30},"end":{"line":9,"column":5}},"line":2}},"branchMap":{"0":{"loc":{"start":{"line":3,"column":8},"end":{"line":3,"column":44}},"type":"if","locations":[{"start":{"line":3,"column":8},"end":{"line":3,"column":44}},{"start":{"line":3,"column":8},"end":{"line":3,"column":44}}],"line":3},"1":{"loc":{"start":{"line":7,"column":8},"end":{"line":8,"column":26}},"type":"if","locations":[{"start":{"line":7,"column":8},"end":{"line":8,"column":26}},{"start":{"line":7,"column":8},"end":{"line":8,"column":26}}],"line":7}},"s":{"0":1,"1":8,"2":6,"3":8,"4":8,"5":8,"6":8,"7":2,"8":6},"f":{"0":8},"b":{"0":[6,2],"1":[2,6]},"_coverageSchema":"1a1c01bbd47fc00a2c39e90264f33305004495a9","hash":"8acdaf9b9732c4fff6770eb419566e6c1b16954d"}
,"C:\\Users\\jok91\\Desktop\\Nouveau dossier\\GeorgesRamos_5_19072021\\src\\js\\utils\\log.format.js": {"path":"C:\\Users\\jok91\\Desktop\\Nouveau dossier\\GeorgesRamos_5_19072021\\src\\js\\utils\\log.format.js","statementMap":{"0":{"start":{"line":1,"column":0},"end":{"line":7,"column":1}},"1":{"start":{"line":5,"column":8},"end":{"line":5,"column":83}}},"fnMap":{"0":{"name":"(anonymous_0)","decl":{"start":{"line":4,"column":26},"end":{"line":4,"column":27}},"loc":{"start":{"line":4,"column":55},"end":{"line":6,"column":5}},"line":4}},"branchMap":{},"s":{"0":1,"1":3},"f":{"0":3},"b":{},"_coverageSchema":"1a1c01bbd47fc00a2c39e90264f33305004495a9","hash":"9f5a9bbb9c7e7b98a1e0627a13411d0983881904"}
}
